<?xml version="1.0" encoding="utf-8"?><testsuites name="pytest tests"><testsuite name="pytest" errors="0" failures="0" skipped="0" tests="10" time="1.729" timestamp="2026-04-19T01:04:15.648055+00:00" hostname="agent-env-f6875ead-b0e2-4843-8d54-c8a2cb333ec8"><testcase classname="backend.tests.test_dbtchile.TestHealth" name="test_health_ok" time="0.237" /><testcase classname="backend.tests.test_dbtchile.TestHealth" name="test_root" time="0.159" /><testcase classname="backend.tests.test_dbtchile.TestContact" name="test_create_lead_valid" time="0.118" /><testcase classname="backend.tests.test_dbtchile.TestContact" name="test_create_lead_persists" time="0.284" /><testcase classname="backend.tests.test_dbtchile.TestContact" name="test_list_leads_no_mongo_id" time="0.151" /><testcase classname="backend.tests.test_dbtchile.TestContact" name="test_list_leads_limit" time="0.118" /><testcase classname="backend.tests.test_dbtchile.TestContact" name="test_invalid_email_returns_422" time="0.143" /><testcase classname="backend.tests.test_dbtchile.TestContact" name="test_short_name_returns_422" time="0.171" /><testcase classname="backend.tests.test_dbtchile.TestLegacy" name="test_post_status" time="0.119" /><testcase classname="backend.tests.test_dbtchile.TestLegacy" name="test_get_status" time="0.161" /></testsuite></testsuites>